<?xml version="1.0" encoding="UTF-8"?>
<!-- Generated by org.testng.reporters.JUnitReportReporter -->
<testsuite skipped="0" hostname="DESKTOP-1HEHQ4T" name="test.TestNG3" tests="1" failures="0" timestamp="2020-02-16T14:02:59 CET" time="0.003" errors="0">
  <testcase name="MobileloginCarLoan" time="0.003" classname="test.TestNG3"/>
</testsuite> <!-- test.TestNG3 -->
