<?xml version="1.0" encoding="UTF-8"?>
<!-- Generated by org.testng.reporters.JUnitReportReporter -->
<testsuite skipped="0" hostname="DESKTOP-1HEHQ4T" name="test.TestNG4" tests="2" failures="0" timestamp="2020-02-16T14:02:59 CET" time="0.009" errors="0">
  <testcase name="LoginAPIHomeLoan" time="0.003" classname="test.TestNG4"/>
  <testcase name="WebloginHomeLoan" time="0.006" classname="test.TestNG4"/>
</testsuite> <!-- test.TestNG4 -->
