<?xml version="1.0" encoding="UTF-8"?>
<!-- Generated by org.testng.reporters.JUnitReportReporter -->
<testsuite skipped="0" hostname="DESKTOP-1HEHQ4T" name="test.TestNG2" tests="1" failures="0" timestamp="2020-02-16T13:53:05 CET" time="0.013" errors="0">
  <testcase name="Makro" time="0.013" classname="test.TestNG2"/>
</testsuite> <!-- test.TestNG2 -->
